[0m2022.02.23 15:32:46 INFO  Started: Metals version 0.10.5 in workspace '/mnt/git/samples-go/helloworld/java-client/hello' for client coc.nvim 0.0.80.[0m
[0m2022.02.23 15:32:49 INFO  time: initialize in 3.37s[0m
[0m2022.02.23 15:32:51 WARN  Build server is not auto-connectable.[0m
[0m2022.02.23 15:33:23 INFO  running '/home/arch/.sdkman/candidates/java/current/bin/java -Dfile.encoding=UTF-8 -Dmaven.multiModuleProjectDirectory=/mnt/git/samples-go/helloworld/java-client/hello -Dmaven.home=/tmp/metals9502863863445759934 -jar /tmp/metals9502863863445759934/maven-wrapper.jar ch.epfl.scala:maven-bloop_2.12:1.4.8-19-4d9f966b:bloopInstall -DdownloadSources=true'[0m
[0m2022.02.23 15:33:24 INFO  [INFO] Scanning for projects...[0m
[0m2022.02.23 15:33:24 INFO  [INFO] [0m
[0m2022.02.23 15:33:24 INFO  [INFO] ---------------------------< com.demo:hello >---------------------------[0m
[0m2022.02.23 15:33:24 INFO  [INFO] Building hello 1.0-SNAPSHOT[0m
[0m2022.02.23 15:33:24 INFO  [INFO] --------------------------------[ jar ]---------------------------------[0m
[0m2022.02.23 15:33:24 INFO  [INFO] [0m
[0m2022.02.23 15:33:24 INFO  [INFO] --- maven-bloop_2.12:1.4.8-19-4d9f966b:bloopInstall (default-cli) @ hello ---[0m
[0m2022.02.23 15:33:25 INFO  [INFO] Using empty launcher: no run setup for hello.[0m
[0m2022.02.23 15:33:26 INFO  [INFO] Scanning for projects...[0m
[0m2022.02.23 15:33:26 INFO  [INFO] [0m
[0m2022.02.23 15:33:26 INFO  [INFO] ---------------------------< com.demo:hello >---------------------------[0m
[0m2022.02.23 15:33:26 INFO  [INFO] Building hello 1.0-SNAPSHOT[0m
[0m2022.02.23 15:33:26 INFO  [INFO] --------------------------------[ jar ]---------------------------------[0m
[0m2022.02.23 15:33:26 INFO  [INFO] [0m
[0m2022.02.23 15:33:26 INFO  [INFO] --- maven-dependency-plugin:2.8:sources (default-cli) @ hello ---[0m
[0m2022.02.23 15:33:28 INFO  [INFO] Downloading from central: https://repo.maven.apache.org/maven2/junit/junit/3.8.1/junit-3.8.1-sources.jar[0m
[0m2022.02.23 15:33:28 INFO  [INFO] Downloaded from central: https://repo.maven.apache.org/maven2/junit/junit/3.8.1/junit-3.8.1-sources.jar (58 kB at 191 kB/s)[0m
[0m2022.02.23 15:33:28 INFO  [INFO] [0m
[0m2022.02.23 15:33:28 INFO  [INFO] The following files have been resolved:[0m
[0m2022.02.23 15:33:28 INFO  [INFO]    com.google.j2objc:j2objc-annotations:jar:sources:1.3:compile[0m
[0m2022.02.23 15:33:28 INFO  [INFO]    org.codehaus.mojo:animal-sniffer-annotations:jar:sources:1.19:runtime[0m
[0m2022.02.23 15:33:28 INFO  [INFO]    com.fasterxml.jackson.core:jackson-annotations:jar:sources:2.12.3:runtime[0m
[0m2022.02.23 15:33:28 INFO  [INFO]    com.google.code.findbugs:jsr305:jar:sources:3.0.2:compile[0m
[0m2022.02.23 15:33:28 INFO  [INFO]    io.grpc:grpc-core:jar:sources:1.39.0:compile[0m
[0m2022.02.23 15:33:28 INFO  [INFO]    com.fasterxml.jackson.core:jackson-databind:jar:sources:2.12.3:runtime[0m
[0m2022.02.23 15:33:28 INFO  [INFO]    com.google.api.grpc:proto-google-common-protos:jar:sources:2.0.1:compile[0m
[0m2022.02.23 15:33:28 INFO  [INFO]    io.grpc:grpc-protobuf-lite:jar:sources:1.39.0:compile[0m
[0m2022.02.23 15:33:28 INFO  [INFO]    io.grpc:grpc-services:jar:sources:1.39.0:compile[0m
[0m2022.02.23 15:33:28 INFO  [INFO]    io.temporal:temporal-serviceclient:jar:sources:1.1.0:compile[0m
[0m2022.02.23 15:33:28 INFO  [INFO]    com.google.protobuf:protobuf-java:jar:sources:3.17.2:compile[0m
[0m2022.02.23 15:33:28 INFO  [INFO]    org.slf4j:slf4j-api:jar:sources:1.7.31:compile[0m
[0m2022.02.23 15:33:28 INFO  [INFO]    io.grpc:grpc-context:jar:sources:1.39.0:compile[0m
[0m2022.02.23 15:33:28 INFO  [INFO]    com.uber.m3:tally-core:jar:sources:0.6.1:compile[0m
[0m2022.02.23 15:33:28 INFO  [INFO]    io.perfmark:perfmark-api:jar:sources:0.23.0:runtime[0m
[0m2022.02.23 15:33:28 INFO  [INFO]    com.google.guava:failureaccess:jar:sources:1.0.1:compile[0m
[0m2022.02.23 15:33:28 INFO  [INFO]    io.temporal:temporal-sdk:jar:sources:1.1.0:compile[0m
[0m2022.02.23 15:33:28 INFO  [INFO]    io.grpc:grpc-netty-shaded:jar:sources:1.39.0:compile[0m
[0m2022.02.23 15:33:28 INFO  [INFO]    com.google.errorprone:error_prone_annotations:jar:sources:2.5.1:compile[0m
[0m2022.02.23 15:33:28 INFO  [INFO]    com.google.guava:guava:jar:sources:30.1.1-jre:compile[0m
[0m2022.02.23 15:33:28 INFO  [INFO]    junit:junit:jar:sources:3.8.1:test[0m
[0m2022.02.23 15:33:28 INFO  [INFO]    org.glassfish:javax.el:jar:sources:3.0.0:runtime[0m
[0m2022.02.23 15:33:28 INFO  [INFO]    com.fasterxml.jackson.core:jackson-core:jar:sources:2.12.3:runtime[0m
[0m2022.02.23 15:33:28 INFO  [INFO]    com.google.protobuf:protobuf-java-util:jar:sources:3.17.3:compile[0m
[0m2022.02.23 15:33:28 INFO  [INFO]    io.grpc:grpc-protobuf:jar:sources:1.39.0:compile[0m
[0m2022.02.23 15:33:28 INFO  [INFO]    io.grpc:grpc-api:jar:sources:1.39.0:compile[0m
[0m2022.02.23 15:33:28 INFO  [INFO]    org.checkerframework:checker-qual:jar:sources:3.8.0:compile[0m
[0m2022.02.23 15:33:28 INFO  [INFO]    com.google.code.gson:gson:jar:sources:2.8.7:compile[0m
[0m2022.02.23 15:33:28 INFO  [INFO]    org.latencyutils:LatencyUtils:jar:sources:2.0.3:runtime[0m
[0m2022.02.23 15:33:28 INFO  [INFO]    org.hdrhistogram:HdrHistogram:jar:sources:2.1.12:compile[0m
[0m2022.02.23 15:33:28 INFO  [INFO]    io.grpc:grpc-stub:jar:sources:1.39.0:compile[0m
[0m2022.02.23 15:33:28 INFO  [INFO]    com.cronutils:cron-utils:jar:sources:9.1.5:runtime[0m
[0m2022.02.23 15:33:28 INFO  [INFO]    io.micrometer:micrometer-core:jar:sources:1.7.1:compile[0m
[0m2022.02.23 15:33:28 INFO  [INFO]    com.fasterxml.jackson.datatype:jackson-datatype-jsr310:jar:sources:2.12.3:runtime[0m
[0m2022.02.23 15:33:28 INFO  [INFO]    com.google.android:annotations:jar:sources:4.1.1.4:runtime[0m
[0m2022.02.23 15:33:28 INFO  [INFO] [0m
[0m2022.02.23 15:33:28 INFO  [INFO] The following files have NOT been resolved:[0m
[0m2022.02.23 15:33:28 INFO  [INFO]    com.google.guava:listenablefuture:jar:sources:9999.0-empty-to-avoid-conflict-with-guava:compile[0m
[0m2022.02.23 15:33:28 INFO  [INFO] [0m
[0m2022.02.23 15:33:28 INFO  [INFO] ------------------------------------------------------------------------[0m
[0m2022.02.23 15:33:28 INFO  [INFO] BUILD SUCCESS[0m
[0m2022.02.23 15:33:28 INFO  [INFO] ------------------------------------------------------------------------[0m
[0m2022.02.23 15:33:28 INFO  [INFO] Total time: 1.548 s[0m
[0m2022.02.23 15:33:28 INFO  [INFO] Finished at: 2022-02-23T15:33:28-05:00[0m
[0m2022.02.23 15:33:28 INFO  [INFO] ------------------------------------------------------------------------[0m
[0m2022.02.23 15:33:28 INFO  [WARNING] you don't define org.scala-lang:scala-library as a dependency of the project[0m
[0m2022.02.23 15:33:28 INFO  [INFO] Generated .bloop/hello.json[0m
[0m2022.02.23 15:33:29 INFO  [INFO] Scanning for projects...[0m
[0m2022.02.23 15:33:29 INFO  [INFO] [0m
[0m2022.02.23 15:33:29 INFO  [INFO] ---------------------------< com.demo:hello >---------------------------[0m
[0m2022.02.23 15:33:29 INFO  [INFO] Building hello 1.0-SNAPSHOT[0m
[0m2022.02.23 15:33:29 INFO  [INFO] --------------------------------[ jar ]---------------------------------[0m
[0m2022.02.23 15:33:29 INFO  [INFO] [0m
[0m2022.02.23 15:33:29 INFO  [INFO] --- maven-dependency-plugin:2.8:sources (default-cli) @ hello ---[0m
[0m2022.02.23 15:33:30 INFO  [INFO] [0m
[0m2022.02.23 15:33:30 INFO  [INFO] The following files have been resolved:[0m
[0m2022.02.23 15:33:30 INFO  [INFO]    com.google.j2objc:j2objc-annotations:jar:sources:1.3:compile[0m
[0m2022.02.23 15:33:30 INFO  [INFO]    org.codehaus.mojo:animal-sniffer-annotations:jar:sources:1.19:runtime[0m
[0m2022.02.23 15:33:30 INFO  [INFO]    com.fasterxml.jackson.core:jackson-annotations:jar:sources:2.12.3:runtime[0m
[0m2022.02.23 15:33:30 INFO  [INFO]    com.google.code.findbugs:jsr305:jar:sources:3.0.2:compile[0m
[0m2022.02.23 15:33:30 INFO  [INFO]    io.grpc:grpc-core:jar:sources:1.39.0:compile[0m
[0m2022.02.23 15:33:30 INFO  [INFO]    com.fasterxml.jackson.core:jackson-databind:jar:sources:2.12.3:runtime[0m
[0m2022.02.23 15:33:30 INFO  [INFO]    com.google.api.grpc:proto-google-common-protos:jar:sources:2.0.1:compile[0m
[0m2022.02.23 15:33:30 INFO  [INFO]    io.grpc:grpc-protobuf-lite:jar:sources:1.39.0:compile[0m
[0m2022.02.23 15:33:30 INFO  [INFO]    io.grpc:grpc-services:jar:sources:1.39.0:compile[0m
[0m2022.02.23 15:33:30 INFO  [INFO]    io.temporal:temporal-serviceclient:jar:sources:1.1.0:compile[0m
[0m2022.02.23 15:33:30 INFO  [INFO]    com.google.protobuf:protobuf-java:jar:sources:3.17.2:compile[0m
[0m2022.02.23 15:33:30 INFO  [INFO]    org.slf4j:slf4j-api:jar:sources:1.7.31:compile[0m
[0m2022.02.23 15:33:30 INFO  [INFO]    io.grpc:grpc-context:jar:sources:1.39.0:compile[0m
[0m2022.02.23 15:33:30 INFO  [INFO]    com.uber.m3:tally-core:jar:sources:0.6.1:compile[0m
[0m2022.02.23 15:33:30 INFO  [INFO]    io.perfmark:perfmark-api:jar:sources:0.23.0:runtime[0m
[0m2022.02.23 15:33:30 INFO  [INFO]    com.google.guava:failureaccess:jar:sources:1.0.1:compile[0m
[0m2022.02.23 15:33:30 INFO  [INFO]    io.temporal:temporal-sdk:jar:sources:1.1.0:compile[0m
[0m2022.02.23 15:33:30 INFO  [INFO]    io.grpc:grpc-netty-shaded:jar:sources:1.39.0:compile[0m
[0m2022.02.23 15:33:30 INFO  [INFO]    com.google.errorprone:error_prone_annotations:jar:sources:2.5.1:compile[0m
[0m2022.02.23 15:33:30 INFO  [INFO]    com.google.guava:guava:jar:sources:30.1.1-jre:compile[0m
[0m2022.02.23 15:33:30 INFO  [INFO]    junit:junit:jar:sources:3.8.1:test[0m
[0m2022.02.23 15:33:30 INFO  [INFO]    org.glassfish:javax.el:jar:sources:3.0.0:runtime[0m
[0m2022.02.23 15:33:30 INFO  [INFO]    com.fasterxml.jackson.core:jackson-core:jar:sources:2.12.3:runtime[0m
[0m2022.02.23 15:33:30 INFO  [INFO]    com.google.protobuf:protobuf-java-util:jar:sources:3.17.3:compile[0m
[0m2022.02.23 15:33:30 INFO  [INFO]    io.grpc:grpc-protobuf:jar:sources:1.39.0:compile[0m
[0m2022.02.23 15:33:30 INFO  [INFO]    io.grpc:grpc-api:jar:sources:1.39.0:compile[0m
[0m2022.02.23 15:33:30 INFO  [INFO]    org.checkerframework:checker-qual:jar:sources:3.8.0:compile[0m
[0m2022.02.23 15:33:30 INFO  [INFO]    com.google.code.gson:gson:jar:sources:2.8.7:compile[0m
[0m2022.02.23 15:33:30 INFO  [INFO]    org.latencyutils:LatencyUtils:jar:sources:2.0.3:runtime[0m
[0m2022.02.23 15:33:30 INFO  [INFO]    org.hdrhistogram:HdrHistogram:jar:sources:2.1.12:compile[0m
[0m2022.02.23 15:33:30 INFO  [INFO]    io.grpc:grpc-stub:jar:sources:1.39.0:compile[0m
[0m2022.02.23 15:33:30 INFO  [INFO]    com.cronutils:cron-utils:jar:sources:9.1.5:runtime[0m
[0m2022.02.23 15:33:30 INFO  [INFO]    io.micrometer:micrometer-core:jar:sources:1.7.1:compile[0m
[0m2022.02.23 15:33:30 INFO  [INFO]    com.fasterxml.jackson.datatype:jackson-datatype-jsr310:jar:sources:2.12.3:runtime[0m
[0m2022.02.23 15:33:30 INFO  [INFO]    com.google.android:annotations:jar:sources:4.1.1.4:runtime[0m
[0m2022.02.23 15:33:30 INFO  [INFO] [0m
[0m2022.02.23 15:33:30 INFO  [INFO] The following files have NOT been resolved:[0m
[0m2022.02.23 15:33:30 INFO  [INFO]    com.google.guava:listenablefuture:jar:sources:9999.0-empty-to-avoid-conflict-with-guava:compile[0m
[0m2022.02.23 15:33:30 INFO  [INFO] [0m
[0m2022.02.23 15:33:30 INFO  [INFO] ------------------------------------------------------------------------[0m
[0m2022.02.23 15:33:30 INFO  [INFO] BUILD SUCCESS[0m
[0m2022.02.23 15:33:30 INFO  [INFO] ------------------------------------------------------------------------[0m
[0m2022.02.23 15:33:30 INFO  [INFO] Total time: 1.081 s[0m
[0m2022.02.23 15:33:30 INFO  [INFO] Finished at: 2022-02-23T15:33:30-05:00[0m
[0m2022.02.23 15:33:30 INFO  [INFO] ------------------------------------------------------------------------[0m
[0m2022.02.23 15:33:30 INFO  [INFO] Generated .bloop/hello-test.json[0m
[0m2022.02.23 15:33:30 INFO  [INFO] ------------------------------------------------------------------------[0m
[0m2022.02.23 15:33:30 INFO  [INFO] BUILD SUCCESS[0m
[0m2022.02.23 15:33:30 INFO  [INFO] ------------------------------------------------------------------------[0m
[0m2022.02.23 15:33:30 INFO  [INFO] Total time: 6.278 s[0m
[0m2022.02.23 15:33:30 INFO  [INFO] Finished at: 2022-02-23T15:33:30-05:00[0m
[0m2022.02.23 15:33:30 INFO  [INFO] ------------------------------------------------------------------------[0m
[0m2022.02.23 15:33:30 INFO  mvn bloopInstall exit: 0[0m
[0m2022.02.23 15:33:30 INFO  time: ran 'mvn bloopInstall' in 7.55s[0m
[0m2022.02.23 15:33:30 INFO  Attempting to connect to the build server...[0m
Starting the bsp launcher for bloop...
Opening a bsp server connection with 'bsp --protocol local --socket /tmp/bsp-launcher15234390776975053279/bsp.socket'...
Waiting for the bsp connection to come up...
Waiting for the bsp connection to come up...
Waiting for the bsp connection to come up...
No server running at 127.0.0.1:8212, let's fire one...
Resolving ch.epfl.scala:bloop-frontend_2.12:1.4.8-19-4d9f966b...
Starting bloop server at 127.0.0.1:8212...
Attempting a connection to the server...
Attempting a connection to the server...
Attempting a connection to the server...
Attempting a connection to the server...
[0m[32m[D][0m Loading 2 projects from '/mnt/git/samples-go/helloworld/java-client/hello/.bloop'...
[0m[32m[D][0m Loading project from '/mnt/git/samples-go/helloworld/java-client/hello/.bloop/hello.json'
[0m[32m[D][0m Loading project from '/mnt/git/samples-go/helloworld/java-client/hello/.bloop/hello-test.json'
[0m[32m[D][0m Missing analysis file for project 'hello'
[0m[32m[D][0m Missing analysis file for project 'hello-test'
[0m[32m[D][0m Waiting for a connection at local:///tmp/bsp-launcher15234390776975053279/bsp.socket...
The server is listening for incoming connections at local:///tmp/bsp-launcher15234390776975053279/bsp.socket...
Starting thread that pumps stdin and redirects it to the bsp server...
Starting thread that pumps server stdout and redirects it to the client stdout...
[0m2022.02.23 15:33:33 INFO  tracing is disabled for protocol BSP, to enable tracing of incoming and outgoing JSON messages create an empty file at /home/arch/.cache/metals/bsp.trace.json[0m
[0m2022.02.23 15:33:33 INFO  time: Connected to build server in 3.21s[0m
[0m2022.02.23 15:33:33 INFO  Connected to Build server: Bloop v1.4.8-19-4d9f966b[0m
[0m2022.02.23 15:33:34 INFO  time: Imported build in 0.15s[0m
[0m2022.02.23 15:33:35 INFO  time: indexed workspace in 1.62s[0m
[0m2022.02.23 15:36:56 INFO  compiling hello (1 java source)[0m
[0m2022.02.23 15:36:57 INFO  time: compiled hello in 1.12s[0m
[0m2022.02.23 15:38:19 INFO  compiling hello (1 java source)[0m
[0m2022.02.23 15:38:19 INFO  time: compiled hello in 0.25s[0m
[0m2022.02.23 15:39:00 INFO  compiling hello (1 java source)[0m
No more data in the client stdin, exiting...
[0m2022.02.23 15:39:27 INFO  Started: Metals version 0.10.5 in workspace '/mnt/git/samples-go/helloworld/java-client/hello' for client coc.nvim 0.0.80.[0m
[0m2022.02.23 15:39:29 INFO  time: initialize in 2.17s[0m
[0m2022.02.23 15:39:30 INFO  Attempting to connect to the build server...[0m
Starting the bsp launcher for bloop...
Opening a bsp server connection with 'bsp --protocol local --socket /tmp/bsp-launcher12897503157102295962/bsp.socket'...
Waiting for the bsp connection to come up...
[0m2022.02.23 15:39:30 INFO  skipping build import with status 'Installed'[0m
Waiting for the bsp connection to come up...
Waiting for the bsp connection to come up...
Waiting for the bsp connection to come up...
No server running at 127.0.0.1:8212, let's fire one...
Resolving ch.epfl.scala:bloop-frontend_2.12:1.4.8-19-4d9f966b...
Starting bloop server at 127.0.0.1:8212...
Attempting a connection to the server...
Attempting a connection to the server...
Attempting a connection to the server...
Attempting a connection to the server...
Attempting a connection to the server...
[0m[32m[D][0m Loading workspace settings from bloop.settings.json
[0m[32m[D][0m Loading 2 projects from '/mnt/git/samples-go/helloworld/java-client/hello/.bloop'...
[0m[32m[D][0m Loading project from '/mnt/git/samples-go/helloworld/java-client/hello/.bloop/hello-test.json'
[0m[32m[D][0m Loading project from '/mnt/git/samples-go/helloworld/java-client/hello/.bloop/hello.json'
[0m[32m[D][0m Missing analysis file for project 'hello-test'
[0m[32m[D][0m Loading previous analysis for 'hello' from '/mnt/git/samples-go/helloworld/java-client/hello/target/hello-analysis.bin'.
[0m[32m[D][0m Waiting for a connection at local:///tmp/bsp-launcher12897503157102295962/bsp.socket...
The server is listening for incoming connections at local:///tmp/bsp-launcher12897503157102295962/bsp.socket...
Starting thread that pumps stdin and redirects it to the bsp server...
Starting thread that pumps server stdout and redirects it to the client stdout...
[0m2022.02.23 15:39:34 INFO  tracing is disabled for protocol BSP, to enable tracing of incoming and outgoing JSON messages create an empty file at /home/arch/.cache/metals/bsp.trace.json[0m
[0m2022.02.23 15:39:34 INFO  time: Connected to build server in 4.3s[0m
[0m2022.02.23 15:39:34 INFO  Connected to Build server: Bloop v1.4.8-19-4d9f966b[0m
[0m2022.02.23 15:39:34 INFO  time: Imported build in 0.15s[0m
[0m2022.02.23 15:39:36 INFO  time: indexed workspace in 1.38s[0m
No more data in the client stdin, exiting...
[0m2022.02.23 15:42:24 INFO  Started: Metals version 0.10.5 in workspace '/mnt/git/samples-go/helloworld/java-client/hello' for client coc.nvim 0.0.80.[0m
[0m2022.02.23 15:42:27 INFO  time: initialize in 2.72s[0m
[0m2022.02.23 15:42:28 INFO  Attempting to connect to the build server...[0m
Starting the bsp launcher for bloop...
Opening a bsp server connection with 'bsp --protocol local --socket /tmp/bsp-launcher5332313321006809667/bsp.socket'...
Waiting for the bsp connection to come up...
Waiting for the bsp connection to come up...
Waiting for the bsp connection to come up...
Waiting for the bsp connection to come up...
No server running at 127.0.0.1:8212, let's fire one...
Resolving ch.epfl.scala:bloop-frontend_2.12:1.4.8-19-4d9f966b...
Starting bloop server at 127.0.0.1:8212...
Attempting a connection to the server...
Attempting a connection to the server...
Attempting a connection to the server...
Attempting a connection to the server...
Attempting a connection to the server...
[0m[32m[D][0m Loading workspace settings from bloop.settings.json
[0m[32m[D][0m Loading 2 projects from '/mnt/git/samples-go/helloworld/java-client/hello/.bloop'...
[0m[32m[D][0m Loading project from '/mnt/git/samples-go/helloworld/java-client/hello/.bloop/hello-test.json'
[0m[32m[D][0m Loading project from '/mnt/git/samples-go/helloworld/java-client/hello/.bloop/hello.json'
[0m[32m[D][0m Missing analysis file for project 'hello-test'
[0m[32m[D][0m Loading previous analysis for 'hello' from '/mnt/git/samples-go/helloworld/java-client/hello/target/hello-analysis.bin'.
[0m[32m[D][0m Waiting for a connection at local:///tmp/bsp-launcher5332313321006809667/bsp.socket...
The server is listening for incoming connections at local:///tmp/bsp-launcher5332313321006809667/bsp.socket...
Starting thread that pumps stdin and redirects it to the bsp server...
Starting thread that pumps server stdout and redirects it to the client stdout...
[0m2022.02.23 15:42:32 INFO  tracing is disabled for protocol BSP, to enable tracing of incoming and outgoing JSON messages create an empty file at /home/arch/.cache/metals/bsp.trace.json[0m
[0m2022.02.23 15:42:32 INFO  time: Connected to build server in 4.2s[0m
[0m2022.02.23 15:42:32 INFO  Connected to Build server: Bloop v1.4.8-19-4d9f966b[0m
[0m2022.02.23 15:42:32 INFO  time: Imported build in 0.15s[0m
[0m2022.02.23 15:42:34 INFO  time: indexed workspace in 1.48s[0m
[0m2022.02.23 15:42:34 ERROR Unexpected error initializing server
org.eclipse.lsp4j.jsonrpc.ResponseErrorException: Request window/showMessageRequest failed with message: Vim:Interrupt
	at org.eclipse.lsp4j.jsonrpc.RemoteEndpoint.handleResponse(RemoteEndpoint.java:209)
	at org.eclipse.lsp4j.jsonrpc.RemoteEndpoint.consume(RemoteEndpoint.java:193)
	at org.eclipse.lsp4j.jsonrpc.json.StreamMessageProducer.handleMessage(StreamMessageProducer.java:194)
	at org.eclipse.lsp4j.jsonrpc.json.StreamMessageProducer.listen(StreamMessageProducer.java:94)
	at org.eclipse.lsp4j.jsonrpc.json.ConcurrentMessageProcessor.run(ConcurrentMessageProcessor.java:113)
	at java.util.concurrent.Executors$RunnableAdapter.call(Executors.java:515)
	at java.util.concurrent.FutureTask.run(FutureTask.java:264)
	at java.util.concurrent.ThreadPoolExecutor.runWorker(ThreadPoolExecutor.java:1130)
	at java.util.concurrent.ThreadPoolExecutor$Worker.run(ThreadPoolExecutor.java:630)
	at java.lang.Thread.run(Thread.java:832)
[0m
[0m2022.02.23 15:43:03 INFO  compiling hello (1 java source)[0m
[0m2022.02.23 15:43:03 INFO  time: compiled hello in 0.79s[0m
[0m2022.02.23 15:43:05 INFO  compiling hello (1 java source)[0m
[0m2022.02.23 15:43:05 INFO  time: compiled hello in 0.22s[0m
[0m2022.02.23 15:43:13 INFO  compiling hello (1 java source)[0m
[0m2022.02.23 15:43:13 INFO  time: compiled hello in 0.2s[0m
[0m2022.02.23 15:50:41 INFO  Shut down connection with build server.[0m
No more data in the client stdin, exiting...
java.util.concurrent.RejectedExecutionException: Task scala.concurrent.impl.CallbackRunnable@35cb57d5 rejected from java.util.concurrent.ThreadPoolExecutor@70c9df08[Shutting down, pool size = 2, active threads = 2, queued tasks = 0, completed tasks = 191]
	at java.base/java.util.concurrent.ThreadPoolExecutor$AbortPolicy.rejectedExecution(ThreadPoolExecutor.java:2057)
	at java.base/java.util.concurrent.ThreadPoolExecutor.reject(ThreadPoolExecutor.java:827)
	at java.base/java.util.concurrent.ThreadPoolExecutor.execute(ThreadPoolExecutor.java:1357)
	at scala.concurrent.impl.ExecutionContextImpl$$anon$4.execute(ExecutionContextImpl.scala:138)
	at scala.concurrent.impl.CallbackRunnable.executeWithValue(Promise.scala:72)
	at scala.concurrent.impl.Promise$KeptPromise$Kept.onComplete(Promise.scala:372)
	at scala.concurrent.impl.Promise$KeptPromise$Kept.onComplete$(Promise.scala:371)
	at scala.concurrent.impl.Promise$KeptPromise$Successful.onComplete(Promise.scala:379)
	at scala.concurrent.impl.Promise.transformWith(Promise.scala:40)
	at scala.concurrent.impl.Promise.transformWith$(Promise.scala:38)
	at scala.concurrent.impl.Promise$KeptPromise$Successful.transformWith(Promise.scala:379)
	at scala.concurrent.Future.flatMap(Future.scala:306)
	at scala.concurrent.Future.flatMap$(Future.scala:306)
	at scala.concurrent.impl.Promise$KeptPromise$Successful.flatMap(Promise.scala:379)
	at scala.meta.internal.metals.BuildServerConnection$$anonfun$1.applyOrElse(BuildServerConnection.scala:232)
	at scala.meta.internal.metals.BuildServerConnection$$anonfun$1.applyOrElse(BuildServerConnection.scala:229)
	at scala.concurrent.Future.$anonfun$recoverWith$1(Future.scala:417)
	at scala.concurrent.impl.Promise.$anonfun$transformWith$1(Promise.scala:41)
	at scala.concurrent.impl.CallbackRunnable.run(Promise.scala:64)
	at java.base/java.util.concurrent.ThreadPoolExecutor.runWorker(ThreadPoolExecutor.java:1130)
	at java.base/java.util.concurrent.ThreadPoolExecutor$Worker.run(ThreadPoolExecutor.java:630)
	at java.base/java.lang.Thread.run(Thread.java:832)
No more data in the server stdin, exiting...
No more data in the server stdin, exiting...
[0m2022.02.23 15:56:59 INFO  Started: Metals version 0.10.5 in workspace '/mnt/git/samples-go/helloworld/java-client/hello' for client coc.nvim 0.0.80.[0m
[0m2022.02.23 15:57:01 INFO  time: initialize in 2.41s[0m
[0m2022.02.23 15:57:02 INFO  Attempting to connect to the build server...[0m
Starting the bsp launcher for bloop...
Opening a bsp server connection with 'bsp --protocol local --socket /tmp/bsp-launcher8555011104233255820/bsp.socket'...
Waiting for the bsp connection to come up...
Waiting for the bsp connection to come up...
Waiting for the bsp connection to come up...
Waiting for the bsp connection to come up...
No server running at 127.0.0.1:8212, let's fire one...
Resolving ch.epfl.scala:bloop-frontend_2.12:1.4.8-19-4d9f966b...
Starting bloop server at 127.0.0.1:8212...
Attempting a connection to the server...
Attempting a connection to the server...
Attempting a connection to the server...
Attempting a connection to the server...
Attempting a connection to the server...
Attempting a connection to the server...
[0m[32m[D][0m Loading workspace settings from bloop.settings.json
[0m[32m[D][0m Loading 2 projects from '/mnt/git/samples-go/helloworld/java-client/hello/.bloop'...
[0m[32m[D][0m Loading project from '/mnt/git/samples-go/helloworld/java-client/hello/.bloop/hello.json'
[0m[32m[D][0m Loading project from '/mnt/git/samples-go/helloworld/java-client/hello/.bloop/hello-test.json'
[0m[32m[D][0m Missing analysis file for project 'hello-test'
[0m[32m[D][0m Loading previous analysis for 'hello' from '/mnt/git/samples-go/helloworld/java-client/hello/target/hello-analysis.bin'.
[0m[32m[D][0m Waiting for a connection at local:///tmp/bsp-launcher8555011104233255820/bsp.socket...
The server is listening for incoming connections at local:///tmp/bsp-launcher8555011104233255820/bsp.socket...
Starting thread that pumps stdin and redirects it to the bsp server...
Starting thread that pumps server stdout and redirects it to the client stdout...
[0m2022.02.23 15:57:06 INFO  tracing is disabled for protocol BSP, to enable tracing of incoming and outgoing JSON messages create an empty file at /home/arch/.cache/metals/bsp.trace.json[0m
[0m2022.02.23 15:57:06 INFO  time: Connected to build server in 4.47s[0m
[0m2022.02.23 15:57:06 INFO  Connected to Build server: Bloop v1.4.8-19-4d9f966b[0m
[0m2022.02.23 15:57:06 INFO  time: Imported build in 0.15s[0m
[0m2022.02.23 15:57:08 INFO  time: indexed workspace in 1.35s[0m
[0m2022.02.23 15:57:11 INFO  compiling hello (1 java source)[0m
[0m2022.02.23 15:57:11 INFO  time: compiled hello in 0.95s[0m
No more data in the client stdin, exiting...
[0m2022.02.23 15:57:47 INFO  Started: Metals version 0.10.5 in workspace '/mnt/git/samples-go/helloworld/java-client/hello' for client coc.nvim 0.0.80.[0m
[0m2022.02.23 15:57:50 INFO  time: initialize in 3.2s[0m
[0m2022.02.23 15:57:51 INFO  Attempting to connect to the build server...[0m
Starting the bsp launcher for bloop...
Opening a bsp server connection with 'bsp --protocol local --socket /tmp/bsp-launcher9183151219843318711/bsp.socket'...
Waiting for the bsp connection to come up...
[0m2022.02.23 15:57:51 INFO  skipping build import with status 'Dismissed'[0m
Waiting for the bsp connection to come up...
Waiting for the bsp connection to come up...
Waiting for the bsp connection to come up...
Waiting for the bsp connection to come up...
Waiting for the bsp connection to come up...
No server running at 127.0.0.1:8212, let's fire one...
Resolving ch.epfl.scala:bloop-frontend_2.12:1.4.8-19-4d9f966b...
Starting bloop server at 127.0.0.1:8212...
Attempting a connection to the server...
Attempting a connection to the server...
Attempting a connection to the server...
Attempting a connection to the server...
Attempting a connection to the server...
Attempting a connection to the server...
Attempting a connection to the server...
[0m[32m[D][0m Loading workspace settings from bloop.settings.json
[0m[32m[D][0m Loading 2 projects from '/mnt/git/samples-go/helloworld/java-client/hello/.bloop'...
[0m[32m[D][0m Loading project from '/mnt/git/samples-go/helloworld/java-client/hello/.bloop/hello.json'
[0m[32m[D][0m Loading project from '/mnt/git/samples-go/helloworld/java-client/hello/.bloop/hello-test.json'
[0m[32m[D][0m Missing analysis file for project 'hello-test'
[0m[32m[D][0m Loading previous analysis for 'hello' from '/mnt/git/samples-go/helloworld/java-client/hello/target/hello-analysis.bin'.
[0m[32m[D][0m Waiting for a connection at local:///tmp/bsp-launcher9183151219843318711/bsp.socket...
The server is listening for incoming connections at local:///tmp/bsp-launcher9183151219843318711/bsp.socket...
Starting thread that pumps stdin and redirects it to the bsp server...
Starting thread that pumps server stdout and redirects it to the client stdout...
[0m2022.02.23 15:57:58 INFO  tracing is disabled for protocol BSP, to enable tracing of incoming and outgoing JSON messages create an empty file at /home/arch/.cache/metals/bsp.trace.json[0m
[0m2022.02.23 15:57:58 INFO  time: Connected to build server in 6.61s[0m
[0m2022.02.23 15:57:58 INFO  Connected to Build server: Bloop v1.4.8-19-4d9f966b[0m
[0m2022.02.23 15:57:58 INFO  time: Imported build in 0.16s[0m
[0m2022.02.23 15:57:59 INFO  time: indexed workspace in 1.39s[0m
No more data in the client stdin, exiting...
[0m2022.02.23 16:01:57 INFO  Started: Metals version 0.10.5 in workspace '/mnt/git/samples-go/helloworld/java-client/hello' for client coc.nvim 0.0.80.[0m
[0m2022.02.23 16:02:00 INFO  time: initialize in 3.16s[0m
[0m2022.02.23 16:02:02 INFO  Attempting to connect to the build server...[0m
Starting the bsp launcher for bloop...
Opening a bsp server connection with 'bsp --protocol local --socket /tmp/bsp-launcher5725416738470384374/bsp.socket'...
Waiting for the bsp connection to come up...
[0m2022.02.23 16:02:02 INFO  skipping build import with status 'Dismissed'[0m
Waiting for the bsp connection to come up...
Waiting for the bsp connection to come up...
Waiting for the bsp connection to come up...
Waiting for the bsp connection to come up...
Waiting for the bsp connection to come up...
No server running at 127.0.0.1:8212, let's fire one...
Resolving ch.epfl.scala:bloop-frontend_2.12:1.4.8-19-4d9f966b...
Starting bloop server at 127.0.0.1:8212...
Attempting a connection to the server...
Attempting a connection to the server...
Attempting a connection to the server...
Attempting a connection to the server...
Attempting a connection to the server...
Attempting a connection to the server...
[0m[32m[D][0m Loading workspace settings from bloop.settings.json
[0m[32m[D][0m Loading 2 projects from '/mnt/git/samples-go/helloworld/java-client/hello/.bloop'...
[0m[32m[D][0m Loading project from '/mnt/git/samples-go/helloworld/java-client/hello/.bloop/hello-test.json'
[0m[32m[D][0m Loading project from '/mnt/git/samples-go/helloworld/java-client/hello/.bloop/hello.json'
[0m[32m[D][0m Missing analysis file for project 'hello-test'
[0m[32m[D][0m Loading previous analysis for 'hello' from '/mnt/git/samples-go/helloworld/java-client/hello/target/hello-analysis.bin'.
[0m[32m[D][0m Waiting for a connection at local:///tmp/bsp-launcher5725416738470384374/bsp.socket...
The server is listening for incoming connections at local:///tmp/bsp-launcher5725416738470384374/bsp.socket...
Starting thread that pumps stdin and redirects it to the bsp server...
Starting thread that pumps server stdout and redirects it to the client stdout...
[0m2022.02.23 16:02:07 INFO  tracing is disabled for protocol BSP, to enable tracing of incoming and outgoing JSON messages create an empty file at /home/arch/.cache/metals/bsp.trace.json[0m
[0m2022.02.23 16:02:07 INFO  time: Connected to build server in 5.97s[0m
[0m2022.02.23 16:02:07 INFO  Connected to Build server: Bloop v1.4.8-19-4d9f966b[0m
[0m2022.02.23 16:02:08 INFO  time: Imported build in 0.12s[0m
[0m2022.02.23 16:02:09 INFO  time: indexed workspace in 1.36s[0m
[0m2022.02.23 16:23:49 INFO  Started: Metals version 0.10.5 in workspace '/mnt/git/temporal-learning/1-polyglot-helloworld/java/hello' for client coc.nvim 0.0.80.[0m
[0m2022.02.23 16:23:52 INFO  time: initialize in 3.08s[0m
[0m2022.02.23 16:23:53 INFO  Attempting to connect to the build server...[0m
Starting the bsp launcher for bloop...
Opening a bsp server connection with 'bsp --protocol local --socket /tmp/bsp-launcher2694328710466672699/bsp.socket'...
Waiting for the bsp connection to come up...
[0m2022.02.23 16:23:53 INFO  skipping build import with status 'Dismissed'[0m
[0m[32m[D][0m Waiting for a connection at local:///tmp/bsp-launcher2694328710466672699/bsp.socket...
The server is listening for incoming connections at local:///tmp/bsp-launcher2694328710466672699/bsp.socket...
Starting thread that pumps stdin and redirects it to the bsp server...
Starting thread that pumps server stdout and redirects it to the client stdout...
[0m2022.02.23 16:23:54 INFO  tracing is disabled for protocol BSP, to enable tracing of incoming and outgoing JSON messages create an empty file at /home/arch/.cache/metals/bsp.trace.json[0m
[0m2022.02.23 16:23:54 INFO  time: Connected to build server in 0.81s[0m
[0m2022.02.23 16:23:54 INFO  Connected to Build server: Bloop v1.4.8-19-4d9f966b[0m
[0m2022.02.23 16:23:58 INFO  time: indexed workspace in 3.73s[0m
[0m2022.02.23 16:25:25 INFO  Started: Metals version 0.10.5 in workspace '/mnt/git/temporal-learning/1-polyglot-helloworld/java/hello' for client coc.nvim 0.0.80.[0m
[0m2022.02.23 16:25:28 INFO  time: initialize in 2.32s[0m
[0m2022.02.23 16:25:28 INFO  Attempting to connect to the build server...[0m
Starting the bsp launcher for bloop...
Opening a bsp server connection with 'bsp --protocol local --socket /tmp/bsp-launcher8945366389368724400/bsp.socket'...
Waiting for the bsp connection to come up...
[0m[32m[D][0m Waiting for a connection at local:///tmp/bsp-launcher8945366389368724400/bsp.socket...
The server is listening for incoming connections at local:///tmp/bsp-launcher8945366389368724400/bsp.socket...
[0m2022.02.23 16:25:28 INFO  skipping build import with status 'Dismissed'[0m
Starting thread that pumps stdin and redirects it to the bsp server...
Starting thread that pumps server stdout and redirects it to the client stdout...
[0m2022.02.23 16:25:28 INFO  tracing is disabled for protocol BSP, to enable tracing of incoming and outgoing JSON messages create an empty file at /home/arch/.cache/metals/bsp.trace.json[0m
[0m2022.02.23 16:25:29 INFO  time: Connected to build server in 0.49s[0m
[0m2022.02.23 16:25:29 INFO  Connected to Build server: Bloop v1.4.8-19-4d9f966b[0m
[0m2022.02.23 16:25:28 INFO  time: Imported build in 0.12s[0m
[0m2022.02.23 16:25:32 INFO  time: indexed workspace in 3.22s[0m
[0m2022.02.23 17:43:51 INFO  Started: Metals version 0.10.5 in workspace '/mnt/git/temporal-learning/1-polyglot-helloworld/java/hello' for client coc.nvim 0.0.80.[0m
[0m2022.02.23 17:43:53 INFO  time: initialize in 2.27s[0m
[0m2022.02.23 17:43:54 INFO  Attempting to connect to the build server...[0m
Starting the bsp launcher for bloop...
Opening a bsp server connection with 'bsp --protocol local --socket /tmp/bsp-launcher6538197268267316876/bsp.socket'...
Waiting for the bsp connection to come up...
[0m[32m[D][0m Waiting for a connection at local:///tmp/bsp-launcher6538197268267316876/bsp.socket...
The server is listening for incoming connections at local:///tmp/bsp-launcher6538197268267316876/bsp.socket...
[0m2022.02.23 17:43:54 INFO  skipping build import with status 'Dismissed'[0m
Starting thread that pumps stdin and redirects it to the bsp server...
Starting thread that pumps server stdout and redirects it to the client stdout...
[0m2022.02.23 17:43:54 INFO  tracing is disabled for protocol BSP, to enable tracing of incoming and outgoing JSON messages create an empty file at /home/arch/.cache/metals/bsp.trace.json[0m
[0m2022.02.23 17:43:54 INFO  time: Connected to build server in 0.48s[0m
[0m2022.02.23 17:43:54 INFO  Connected to Build server: Bloop v1.4.8-19-4d9f966b[0m
[0m2022.02.23 17:43:56 INFO  time: indexed workspace in 2.16s[0m
[0m2022.02.23 17:45:53 INFO  Shut down connection with build server.[0m
No more data in the client stdin, exiting...
[0m2022.02.23 17:46:12 INFO  Started: Metals version 0.10.5 in workspace '/mnt/git/temporal-learning/1-polyglot-helloworld/java/hello' for client coc.nvim 0.0.80.[0m
[0m2022.02.23 17:46:14 INFO  time: initialize in 2.37s[0m
[0m2022.02.23 17:46:15 INFO  Attempting to connect to the build server...[0m
Starting the bsp launcher for bloop...
Opening a bsp server connection with 'bsp --protocol local --socket /tmp/bsp-launcher5275943360254497259/bsp.socket'...
Waiting for the bsp connection to come up...
[0m2022.02.23 17:46:14 INFO  skipping build import with status 'Dismissed'[0m
[0m[32m[D][0m Waiting for a connection at local:///tmp/bsp-launcher5275943360254497259/bsp.socket...
The server is listening for incoming connections at local:///tmp/bsp-launcher5275943360254497259/bsp.socket...
Starting thread that pumps stdin and redirects it to the bsp server...
Starting thread that pumps server stdout and redirects it to the client stdout...
[0m2022.02.23 17:46:15 INFO  tracing is disabled for protocol BSP, to enable tracing of incoming and outgoing JSON messages create an empty file at /home/arch/.cache/metals/bsp.trace.json[0m
[0m2022.02.23 17:46:16 INFO  time: Connected to build server in 0.54s[0m
[0m2022.02.23 17:46:16 INFO  Connected to Build server: Bloop v1.4.8-19-4d9f966b[0m
[0m2022.02.23 17:46:15 INFO  time: Imported build in 0.11s[0m
[0m2022.02.23 17:46:18 INFO  time: indexed workspace in 2.5s[0m
[0m2022.02.23 17:51:21 INFO  Started: Metals version 0.10.5 in workspace '/mnt/git/temporal-learning/1-polyglot-helloworld/java/hello' for client coc.nvim 0.0.80.[0m
[0m2022.02.23 17:51:24 INFO  time: initialize in 2.62s[0m
[0m2022.02.23 17:51:24 INFO  Attempting to connect to the build server...[0m
Starting the bsp launcher for bloop...
Opening a bsp server connection with 'bsp --protocol local --socket /tmp/bsp-launcher10391848633379928112/bsp.socket'...
Waiting for the bsp connection to come up...
[0m2022.02.23 17:51:24 INFO  skipping build import with status 'Dismissed'[0m
[0m[32m[D][0m Waiting for a connection at local:///tmp/bsp-launcher10391848633379928112/bsp.socket...
The server is listening for incoming connections at local:///tmp/bsp-launcher10391848633379928112/bsp.socket...
Starting thread that pumps stdin and redirects it to the bsp server...
Starting thread that pumps server stdout and redirects it to the client stdout...
[0m2022.02.23 17:51:24 INFO  tracing is disabled for protocol BSP, to enable tracing of incoming and outgoing JSON messages create an empty file at /home/arch/.cache/metals/bsp.trace.json[0m
[0m2022.02.23 17:51:24 INFO  time: Connected to build server in 0.54s[0m
[0m2022.02.23 17:51:24 INFO  Connected to Build server: Bloop v1.4.8-19-4d9f966b[0m
[0m2022.02.23 17:51:27 INFO  time: indexed workspace in 2.45s[0m
[0m2022.02.23 17:54:47 INFO  Started: Metals version 0.10.5 in workspace '/mnt/git/temporal-learning/1-polyglot-helloworld/java/hello' for client coc.nvim 0.0.80.[0m
[0m2022.02.23 17:54:50 INFO  time: initialize in 2.39s[0m
[0m2022.02.23 17:54:51 INFO  Attempting to connect to the build server...[0m
Starting the bsp launcher for bloop...
Opening a bsp server connection with 'bsp --protocol local --socket /tmp/bsp-launcher3640948208289595041/bsp.socket'...
Waiting for the bsp connection to come up...
[0m2022.02.23 17:54:51 INFO  skipping build import with status 'Dismissed'[0m
[0m[32m[D][0m Waiting for a connection at local:///tmp/bsp-launcher3640948208289595041/bsp.socket...
The server is listening for incoming connections at local:///tmp/bsp-launcher3640948208289595041/bsp.socket...
Starting thread that pumps stdin and redirects it to the bsp server...
Starting thread that pumps server stdout and redirects it to the client stdout...
[0m2022.02.23 17:54:51 INFO  tracing is disabled for protocol BSP, to enable tracing of incoming and outgoing JSON messages create an empty file at /home/arch/.cache/metals/bsp.trace.json[0m
[0m2022.02.23 17:54:51 INFO  time: Connected to build server in 0.67s[0m
[0m2022.02.23 17:54:51 INFO  Connected to Build server: Bloop v1.4.8-19-4d9f966b[0m
[0m2022.02.23 17:54:55 INFO  time: indexed workspace in 3.51s[0m
No more data in the server stdin, exiting...
No more data in the server stdin, exiting...
[0m2022.02.23 18:39:16 INFO  Started: Metals version 0.10.5 in workspace '/mnt/git/temporal-learning/1-polyglot-helloworld/java/hello' for client coc.nvim 0.0.80.[0m
[0m2022.02.23 18:39:19 INFO  time: initialize in 2.32s[0m
[0m2022.02.23 18:39:23 INFO  Attempting to connect to the build server...[0m
Starting the bsp launcher for bloop...
Opening a bsp server connection with 'bsp --protocol local --socket /tmp/bsp-launcher15807154981706616350/bsp.socket'...
Waiting for the bsp connection to come up...
[0m2022.02.23 18:39:23 INFO  skipping build import with status 'Dismissed'[0m
Waiting for the bsp connection to come up...
Waiting for the bsp connection to come up...
Waiting for the bsp connection to come up...
No server running at 127.0.0.1:8212, let's fire one...
Resolving ch.epfl.scala:bloop-frontend_2.12:1.4.8-19-4d9f966b...
Starting bloop server at 127.0.0.1:8212...
Attempting a connection to the server...
Attempting a connection to the server...
Attempting a connection to the server...
Attempting a connection to the server...
Attempting a connection to the server...
[0m[32m[D][0m Waiting for a connection at local:///tmp/bsp-launcher15807154981706616350/bsp.socket...
The server is listening for incoming connections at local:///tmp/bsp-launcher15807154981706616350/bsp.socket...
Starting thread that pumps stdin and redirects it to the bsp server...
Starting thread that pumps server stdout and redirects it to the client stdout...
[0m2022.02.23 18:39:26 INFO  tracing is disabled for protocol BSP, to enable tracing of incoming and outgoing JSON messages create an empty file at /home/arch/.cache/metals/bsp.trace.json[0m
[0m2022.02.23 18:39:26 INFO  time: Connected to build server in 4.42s[0m
[0m2022.02.23 18:39:26 INFO  Connected to Build server: Bloop v1.4.8-19-4d9f966b[0m
[0m2022.02.23 18:39:26 INFO  time: Imported build in 0.14s[0m
[0m2022.02.23 18:39:29 INFO  time: indexed workspace in 1.86s[0m
No more data in the server stdin, exiting...
No more data in the server stdin, exiting...
[0m2022.02.23 20:41:04 INFO  Started: Metals version 0.10.5 in workspace '/mnt/git/temporal-learning/1-polyglot-helloworld/java/hello' for client coc.nvim 0.0.80.[0m
[0m2022.02.23 20:41:06 INFO  time: initialize in 2.44s[0m
[0m2022.02.23 20:41:10 INFO  Attempting to connect to the build server...[0m
Starting the bsp launcher for bloop...
Opening a bsp server connection with 'bsp --protocol local --socket /tmp/bsp-launcher1014816977866403294/bsp.socket'...
Waiting for the bsp connection to come up...
[0m2022.02.23 20:41:10 INFO  skipping build import with status 'Dismissed'[0m
Waiting for the bsp connection to come up...
Waiting for the bsp connection to come up...
Waiting for the bsp connection to come up...
No server running at 127.0.0.1:8212, let's fire one...
Resolving ch.epfl.scala:bloop-frontend_2.12:1.4.8-19-4d9f966b...
Starting bloop server at 127.0.0.1:8212...
Attempting a connection to the server...
Attempting a connection to the server...
Attempting a connection to the server...
Attempting a connection to the server...
[0m[32m[D][0m Loading workspace settings from bloop.settings.json
[0m[32m[D][0m Loading 2 projects from '/mnt/git/temporal-learning/1-polyglot-helloworld/java/hello/.bloop'...
[0m[32m[D][0m Loading project from '/mnt/git/temporal-learning/1-polyglot-helloworld/java/hello/.bloop/hello.json'
[0m[32m[D][0m Loading project from '/mnt/git/temporal-learning/1-polyglot-helloworld/java/hello/.bloop/hello-test.json'
[0m[32m[D][0m Missing analysis file for project 'hello-test'
[0m[32m[D][0m Loading previous analysis for 'hello' from '/mnt/git/samples-go/helloworld/java-client/hello/target/hello-analysis.bin'.
[0m[32m[D][0m Waiting for a connection at local:///tmp/bsp-launcher1014816977866403294/bsp.socket...
The server is listening for incoming connections at local:///tmp/bsp-launcher1014816977866403294/bsp.socket...
Starting thread that pumps stdin and redirects it to the bsp server...
Starting thread that pumps server stdout and redirects it to the client stdout...
[0m2022.02.23 20:41:14 INFO  tracing is disabled for protocol BSP, to enable tracing of incoming and outgoing JSON messages create an empty file at /home/arch/.cache/metals/bsp.trace.json[0m
[0m2022.02.23 20:41:14 INFO  time: Connected to build server in 4.31s[0m
[0m2022.02.23 20:41:14 INFO  Connected to Build server: Bloop v1.4.8-19-4d9f966b[0m
[0m2022.02.23 20:41:15 INFO  time: Imported build in 0.18s[0m
[0m2022.02.23 20:41:16 INFO  time: indexed workspace in 1.42s[0m
No more data in the client stdin, exiting...
